<?xml version="1.0" encoding="UTF-8"?>
<testsuite xmlns:xsi="http://www.w3.org/2001/XMLSchema-instance" xsi:noNamespaceSchemaLocation="https://maven.apache.org/surefire/maven-surefire-plugin/xsd/surefire-test-report.xsd" name="scot.carricksoftware.hansen.TestSuite" time="0.059" tests="4" errors="0" skipped="0" failures="0">
  <properties>
    <property name="awt.toolkit" value="sun.awt.X11.XToolkit"/>
    <property name="file.encoding.pkg" value="sun.io"/>
    <property name="java.specification.version" value="1.8"/>
    <property name="sun.cpu.isalist" value=""/>
    <property name="sun.jnu.encoding" value="UTF-8"/>
    <property name="java.class.path" value="/home/apg/.m2/repository/org/apache/maven/surefire/surefire-booter/2.22.2/surefire-booter-2.22.2.jar:/home/apg/.m2/repository/org/apache/maven/surefire/surefire-api/2.22.2/surefire-api-2.22.2.jar:/home/apg/.m2/repository/org/apache/maven/surefire/surefire-logger-api/2.22.2/surefire-logger-api-2.22.2.jar:/home/apg/git/Hansen/target/test-classes:/home/apg/git/Hansen/target/classes:/home/apg/.m2/repository/org/powermock/powermock-module-junit4/2.0.2/powermock-module-junit4-2.0.2.jar:/home/apg/.m2/repository/org/powermock/powermock-module-junit4-common/2.0.2/powermock-module-junit4-common-2.0.2.jar:/home/apg/.m2/repository/org/powermock/powermock-reflect/2.0.2/powermock-reflect-2.0.2.jar:/home/apg/.m2/repository/org/powermock/powermock-core/2.0.2/powermock-core-2.0.2.jar:/home/apg/.m2/repository/org/javassist/javassist/3.24.0-GA/javassist-3.24.0-GA.jar:/home/apg/.m2/repository/junit/junit/4.12/junit-4.12.jar:/home/apg/.m2/repository/org/hamcrest/hamcrest-core/1.3/hamcrest-core-1.3.jar:/home/apg/.m2/repository/org/apache/maven/plugin-tools/maven-plugin-annotations/3.6.0/maven-plugin-annotations-3.6.0.jar:/home/apg/.m2/repository/org/apache/maven/maven-artifact/3.0/maven-artifact-3.0.jar:/home/apg/.m2/repository/org/springframework/boot/spring-boot-starter/2.1.6.RELEASE/spring-boot-starter-2.1.6.RELEASE.jar:/home/apg/.m2/repository/org/springframework/boot/spring-boot/2.1.6.RELEASE/spring-boot-2.1.6.RELEASE.jar:/home/apg/.m2/repository/org/springframework/spring-context/5.1.8.RELEASE/spring-context-5.1.8.RELEASE.jar:/home/apg/.m2/repository/org/springframework/spring-aop/5.1.8.RELEASE/spring-aop-5.1.8.RELEASE.jar:/home/apg/.m2/repository/org/springframework/spring-beans/5.1.8.RELEASE/spring-beans-5.1.8.RELEASE.jar:/home/apg/.m2/repository/org/springframework/spring-expression/5.1.8.RELEASE/spring-expression-5.1.8.RELEASE.jar:/home/apg/.m2/repository/org/springframework/boot/spring-boot-starter-logging/2.1.6.RELEASE/spring-boot-starter-logging-2.1.6.RELEASE.jar:/home/apg/.m2/repository/ch/qos/logback/logback-classic/1.2.3/logback-classic-1.2.3.jar:/home/apg/.m2/repository/ch/qos/logback/logback-core/1.2.3/logback-core-1.2.3.jar:/home/apg/.m2/repository/org/apache/logging/log4j/log4j-to-slf4j/2.11.2/log4j-to-slf4j-2.11.2.jar:/home/apg/.m2/repository/org/apache/logging/log4j/log4j-api/2.11.2/log4j-api-2.11.2.jar:/home/apg/.m2/repository/org/slf4j/jul-to-slf4j/1.7.26/jul-to-slf4j-1.7.26.jar:/home/apg/.m2/repository/javax/annotation/javax.annotation-api/1.3.2/javax.annotation-api-1.3.2.jar:/home/apg/.m2/repository/org/springframework/spring-core/5.1.8.RELEASE/spring-core-5.1.8.RELEASE.jar:/home/apg/.m2/repository/org/springframework/spring-jcl/5.1.8.RELEASE/spring-jcl-5.1.8.RELEASE.jar:/home/apg/.m2/repository/org/yaml/snakeyaml/1.23/snakeyaml-1.23.jar:/home/apg/.m2/repository/org/springframework/boot/spring-boot-devtools/2.1.6.RELEASE/spring-boot-devtools-2.1.6.RELEASE.jar:/home/apg/.m2/repository/org/springframework/boot/spring-boot-starter-test/2.1.6.RELEASE/spring-boot-starter-test-2.1.6.RELEASE.jar:/home/apg/.m2/repository/org/springframework/boot/spring-boot-test/2.1.6.RELEASE/spring-boot-test-2.1.6.RELEASE.jar:/home/apg/.m2/repository/org/springframework/boot/spring-boot-test-autoconfigure/2.1.6.RELEASE/spring-boot-test-autoconfigure-2.1.6.RELEASE.jar:/home/apg/.m2/repository/com/jayway/jsonpath/json-path/2.4.0/json-path-2.4.0.jar:/home/apg/.m2/repository/net/minidev/json-smart/2.3/json-smart-2.3.jar:/home/apg/.m2/repository/net/minidev/accessors-smart/1.2/accessors-smart-1.2.jar:/home/apg/.m2/repository/org/slf4j/slf4j-api/1.7.26/slf4j-api-1.7.26.jar:/home/apg/.m2/repository/org/assertj/assertj-core/3.11.1/assertj-core-3.11.1.jar:/home/apg/.m2/repository/org/mockito/mockito-core/2.23.4/mockito-core-2.23.4.jar:/home/apg/.m2/repository/net/bytebuddy/byte-buddy/1.9.13/byte-buddy-1.9.13.jar:/home/apg/.m2/repository/net/bytebuddy/byte-buddy-agent/1.9.13/byte-buddy-agent-1.9.13.jar:/home/apg/.m2/repository/org/objenesis/objenesis/2.6/objenesis-2.6.jar:/home/apg/.m2/repository/org/hamcrest/hamcrest-library/1.3/hamcrest-library-1.3.jar:/home/apg/.m2/repository/org/skyscreamer/jsonassert/1.5.0/jsonassert-1.5.0.jar:/home/apg/.m2/repository/com/vaadin/external/google/android-json/0.0.20131108.vaadin1/android-json-0.0.20131108.vaadin1.jar:/home/apg/.m2/repository/org/springframework/spring-test/5.1.8.RELEASE/spring-test-5.1.8.RELEASE.jar:/home/apg/.m2/repository/org/xmlunit/xmlunit-core/2.6.2/xmlunit-core-2.6.2.jar:/home/apg/.m2/repository/org/springframework/boot/spring-boot-autoconfigure/2.1.6.RELEASE/spring-boot-autoconfigure-2.1.6.RELEASE.jar:/home/apg/.m2/repository/org/apache/maven/maven-plugin-api/3.5.2/maven-plugin-api-3.5.2.jar:/home/apg/.m2/repository/org/apache/maven/maven-model/3.5.2/maven-model-3.5.2.jar:/home/apg/.m2/repository/org/apache/commons/commons-lang3/3.8.1/commons-lang3-3.8.1.jar:/home/apg/.m2/repository/org/eclipse/sisu/org.eclipse.sisu.plexus/0.3.3/org.eclipse.sisu.plexus-0.3.3.jar:/home/apg/.m2/repository/javax/enterprise/cdi-api/1.0/cdi-api-1.0.jar:/home/apg/.m2/repository/javax/annotation/jsr250-api/1.0/jsr250-api-1.0.jar:/home/apg/.m2/repository/javax/inject/javax.inject/1/javax.inject-1.jar:/home/apg/.m2/repository/org/eclipse/sisu/org.eclipse.sisu.inject/0.3.3/org.eclipse.sisu.inject-0.3.3.jar:/home/apg/.m2/repository/org/codehaus/plexus/plexus-component-annotations/1.5.5/plexus-component-annotations-1.5.5.jar:/home/apg/.m2/repository/org/codehaus/plexus/plexus-utils/3.1.0/plexus-utils-3.1.0.jar:/home/apg/.m2/repository/org/codehaus/plexus/plexus-classworlds/2.5.2/plexus-classworlds-2.5.2.jar:/home/apg/.m2/repository/org/jacoco/org.jacoco.agent/0.8.4/org.jacoco.agent-0.8.4-runtime.jar:/home/apg/.m2/repository/org/jacoco/org.jacoco.core/0.8.4/org.jacoco.core-0.8.4.jar:/home/apg/.m2/repository/org/ow2/asm/asm/7.1/asm-7.1.jar:/home/apg/.m2/repository/org/ow2/asm/asm-commons/7.1/asm-commons-7.1.jar:/home/apg/.m2/repository/org/ow2/asm/asm-analysis/7.1/asm-analysis-7.1.jar:/home/apg/.m2/repository/org/ow2/asm/asm-tree/7.1/asm-tree-7.1.jar:/home/apg/.m2/repository/org/junit/jupiter/junit-jupiter-api/5.3.2/junit-jupiter-api-5.3.2.jar:/home/apg/.m2/repository/org/apiguardian/apiguardian-api/1.0.0/apiguardian-api-1.0.0.jar:/home/apg/.m2/repository/org/opentest4j/opentest4j/1.1.1/opentest4j-1.1.1.jar:/home/apg/.m2/repository/org/junit/platform/junit-platform-commons/1.3.2/junit-platform-commons-1.3.2.jar:/home/apg/.m2/repository/org/codehaus/mojo/findbugs-maven-plugin/3.0.5/findbugs-maven-plugin-3.0.5.jar:/home/apg/.m2/repository/com/google/code/findbugs/findbugs/3.0.1/findbugs-3.0.1.jar:/home/apg/.m2/repository/net/jcip/jcip-annotations/1.0/jcip-annotations-1.0.jar:/home/apg/.m2/repository/com/google/code/findbugs/jsr305/2.0.1/jsr305-2.0.1.jar:/home/apg/.m2/repository/com/google/code/findbugs/bcel-findbugs/6.0/bcel-findbugs-6.0.jar:/home/apg/.m2/repository/com/google/code/findbugs/jFormatString/2.0.1/jFormatString-2.0.1.jar:/home/apg/.m2/repository/dom4j/dom4j/1.6.1/dom4j-1.6.1.jar:/home/apg/.m2/repository/xml-apis/xml-apis/1.4.01/xml-apis-1.4.01.jar:/home/apg/.m2/repository/org/ow2/asm/asm-debug-all/5.0.2/asm-debug-all-5.0.2.jar:/home/apg/.m2/repository/commons-lang/commons-lang/2.6/commons-lang-2.6.jar:/home/apg/.m2/repository/com/apple/AppleJavaExtensions/1.4/AppleJavaExtensions-1.4.jar:/home/apg/.m2/repository/jaxen/jaxen/1.1.6/jaxen-1.1.6.jar:/home/apg/.m2/repository/org/apache/ant/ant/1.9.9/ant-1.9.9.jar:/home/apg/.m2/repository/org/apache/ant/ant-launcher/1.9.9/ant-launcher-1.9.9.jar:/home/apg/.m2/repository/org/codehaus/groovy/groovy/2.5.7/groovy-2.5.7.jar:/home/apg/.m2/repository/org/codehaus/groovy/groovy-ant/2.5.7/groovy-ant-2.5.7.jar:/home/apg/.m2/repository/org/codehaus/groovy/groovy-groovydoc/2.5.7/groovy-groovydoc-2.5.7.jar:/home/apg/.m2/repository/org/apache/ant/ant-junit/1.9.13/ant-junit-1.9.13.jar:/home/apg/.m2/repository/org/apache/ant/ant-antlr/1.9.13/ant-antlr-1.9.13.jar:/home/apg/.m2/repository/org/codehaus/groovy/groovy-xml/2.5.7/groovy-xml-2.5.7.jar:/home/apg/.m2/repository/org/apache/maven/reporting/maven-reporting-impl/3.0.0/maven-reporting-impl-3.0.0.jar:/home/apg/.m2/repository/org/apache/maven/shared/maven-shared-utils/3.2.0/maven-shared-utils-3.2.0.jar:/home/apg/.m2/repository/org/apache/maven/reporting/maven-reporting-api/3.0/maven-reporting-api-3.0.jar:/home/apg/.m2/repository/org/apache/maven/maven-compat/3.5.0/maven-compat-3.5.0.jar:/home/apg/.m2/repository/org/apache/maven/maven-model-builder/3.5.0/maven-model-builder-3.5.0.jar:/home/apg/.m2/repository/org/apache/maven/maven-builder-support/3.5.0/maven-builder-support-3.5.0.jar:/home/apg/.m2/repository/com/google/guava/guava/20.0/guava-20.0.jar:/home/apg/.m2/repository/org/apache/maven/maven-settings/3.5.0/maven-settings-3.5.0.jar:/home/apg/.m2/repository/org/apache/maven/maven-resolver-provider/3.5.0/maven-resolver-provider-3.5.0.jar:/home/apg/.m2/repository/org/apache/maven/resolver/maven-resolver-spi/1.0.3/maven-resolver-spi-1.0.3.jar:/home/apg/.m2/repository/org/apache/maven/resolver/maven-resolver-api/1.0.3/maven-resolver-api-1.0.3.jar:/home/apg/.m2/repository/org/apache/maven/resolver/maven-resolver-util/1.0.3/maven-resolver-util-1.0.3.jar:/home/apg/.m2/repository/org/apache/maven/resolver/maven-resolver-impl/1.0.3/maven-resolver-impl-1.0.3.jar:/home/apg/.m2/repository/org/codehaus/plexus/plexus-interpolation/1.24/plexus-interpolation-1.24.jar:/home/apg/.m2/repository/org/apache/maven/wagon/wagon-provider-api/2.12/wagon-provider-api-2.12.jar:/home/apg/.m2/repository/org/apache/maven/doxia/doxia-core/1.7/doxia-core-1.7.jar:/home/apg/.m2/repository/org/apache/maven/doxia/doxia-logging-api/1.7/doxia-logging-api-1.7.jar:/home/apg/.m2/repository/org/apache/httpcomponents/httpclient/4.5.9/httpclient-4.5.9.jar:/home/apg/.m2/repository/commons-codec/commons-codec/1.11/commons-codec-1.11.jar:/home/apg/.m2/repository/org/apache/httpcomponents/httpcore/4.4.11/httpcore-4.4.11.jar:/home/apg/.m2/repository/xmlunit/xmlunit/1.5/xmlunit-1.5.jar:/home/apg/.m2/repository/org/apache/maven/doxia/doxia-sink-api/1.7/doxia-sink-api-1.7.jar:/home/apg/.m2/repository/org/apache/maven/doxia/doxia-decoration-model/1.7/doxia-decoration-model-1.7.jar:/home/apg/.m2/repository/org/apache/maven/doxia/doxia-site-renderer/1.7/doxia-site-renderer-1.7.jar:/home/apg/.m2/repository/org/apache/maven/doxia/doxia-skin-model/1.7/doxia-skin-model-1.7.jar:/home/apg/.m2/repository/org/apache/maven/doxia/doxia-module-xhtml/1.7/doxia-module-xhtml-1.7.jar:/home/apg/.m2/repository/org/apache/maven/doxia/doxia-module-fml/1.7/doxia-module-fml-1.7.jar:/home/apg/.m2/repository/org/codehaus/plexus/plexus-i18n/1.0-beta-7/plexus-i18n-1.0-beta-7.jar:/home/apg/.m2/repository/org/codehaus/plexus/plexus-velocity/1.1.7/plexus-velocity-1.1.7.jar:/home/apg/.m2/repository/org/apache/velocity/velocity/1.7/velocity-1.7.jar:/home/apg/.m2/repository/org/apache/velocity/velocity-tools/2.0/velocity-tools-2.0.jar:/home/apg/.m2/repository/commons-beanutils/commons-beanutils/1.7.0/commons-beanutils-1.7.0.jar:/home/apg/.m2/repository/commons-digester/commons-digester/1.8/commons-digester-1.8.jar:/home/apg/.m2/repository/commons-chain/commons-chain/1.1/commons-chain-1.1.jar:/home/apg/.m2/repository/commons-logging/commons-logging/1.1/commons-logging-1.1.jar:/home/apg/.m2/repository/javax/servlet/servlet-api/2.3/servlet-api-2.3.jar:/home/apg/.m2/repository/commons-validator/commons-validator/1.3.1/commons-validator-1.3.1.jar:/home/apg/.m2/repository/oro/oro/2.0.8/oro-2.0.8.jar:/home/apg/.m2/repository/sslext/sslext/1.2-0/sslext-1.2-0.jar:/home/apg/.m2/repository/org/apache/struts/struts-core/1.3.8/struts-core-1.3.8.jar:/home/apg/.m2/repository/antlr/antlr/2.7.7/antlr-2.7.7.jar:/home/apg/.m2/repository/org/apache/struts/struts-taglib/1.3.8/struts-taglib-1.3.8.jar:/home/apg/.m2/repository/org/apache/struts/struts-tiles/1.3.8/struts-tiles-1.3.8.jar:/home/apg/.m2/repository/commons-collections/commons-collections/3.2.1/commons-collections-3.2.1.jar:/home/apg/.m2/repository/org/apache/maven/shared/maven-doxia-tools/1.4/maven-doxia-tools-1.4.jar:/home/apg/.m2/repository/commons-io/commons-io/1.4/commons-io-1.4.jar:/home/apg/.m2/repository/org/apache/maven/maven-artifact-manager/2.2.1/maven-artifact-manager-2.2.1.jar:/home/apg/.m2/repository/backport-util-concurrent/backport-util-concurrent/3.1/backport-util-concurrent-3.1.jar:/home/apg/.m2/repository/org/apache/maven/maven-project/2.2.1/maven-project-2.2.1.jar:/home/apg/.m2/repository/org/apache/maven/maven-profile/2.2.1/maven-profile-2.2.1.jar:/home/apg/.m2/repository/org/apache/maven/maven-plugin-registry/2.2.1/maven-plugin-registry-2.2.1.jar:/home/apg/.m2/repository/org/codehaus/plexus/plexus-container-default/1.7.1/plexus-container-default-1.7.1.jar:/home/apg/.m2/repository/org/apache/xbean/xbean-reflect/3.7/xbean-reflect-3.7.jar:/home/apg/.m2/repository/com/google/collections/google-collections/1.0/google-collections-1.0.jar:/home/apg/.m2/repository/org/codehaus/plexus/plexus-resources/1.1.0/plexus-resources-1.1.0.jar:/home/apg/.m2/repository/org/sonatype/plexus/plexus-build-api/0.0.7/plexus-build-api-0.0.7.jar:/home/apg/.m2/repository/org/codehaus/mojo/build-helper-maven-plugin/3.0.0/build-helper-maven-plugin-3.0.0.jar:/home/apg/.m2/repository/org/apache/maven/maven-core/3.0/maven-core-3.0.jar:/home/apg/.m2/repository/org/apache/maven/maven-settings-builder/3.0/maven-settings-builder-3.0.jar:/home/apg/.m2/repository/org/apache/maven/maven-repository-metadata/3.0/maven-repository-metadata-3.0.jar:/home/apg/.m2/repository/org/apache/maven/maven-aether-provider/3.0/maven-aether-provider-3.0.jar:/home/apg/.m2/repository/org/sonatype/aether/aether-impl/1.7/aether-impl-1.7.jar:/home/apg/.m2/repository/org/sonatype/aether/aether-spi/1.7/aether-spi-1.7.jar:/home/apg/.m2/repository/org/sonatype/aether/aether-api/1.7/aether-api-1.7.jar:/home/apg/.m2/repository/org/sonatype/aether/aether-util/1.7/aether-util-1.7.jar:/home/apg/.m2/repository/org/sonatype/sisu/sisu-inject-plexus/1.4.2/sisu-inject-plexus-1.4.2.jar:/home/apg/.m2/repository/org/sonatype/sisu/sisu-inject-bean/1.4.2/sisu-inject-bean-1.4.2.jar:/home/apg/.m2/repository/org/sonatype/sisu/sisu-guice/2.1.7/sisu-guice-2.1.7-noaop.jar:/home/apg/.m2/repository/org/sonatype/plexus/plexus-sec-dispatcher/1.3/plexus-sec-dispatcher-1.3.jar:/home/apg/.m2/repository/org/sonatype/plexus/plexus-cipher/1.4/plexus-cipher-1.4.jar:/home/apg/.m2/repository/org/beanshell/bsh/2.0b4/bsh-2.0b4.jar:/home/apg/.m2/repository/org/apache/maven/shared/file-management/3.0.0/file-management-3.0.0.jar:/home/apg/.m2/repository/org/apache/maven/shared/maven-shared-io/3.0.0/maven-shared-io-3.0.0.jar:/home/apg/.m2/repository/org/apache/maven/surefire/surefire-junit4/2.22.2/surefire-junit4-2.22.2.jar:/home/apg/.m2/repository/org/jacoco/org.jacoco.agent/0.8.4/org.jacoco.agent-0.8.4-runtime.jar"/>
    <property name="java.vm.vendor" value="Oracle Corporation"/>
    <property name="sun.arch.data.model" value="64"/>
    <property name="java.vendor.url" value="http://java.oracle.com/"/>
    <property name="user.timezone" value=""/>
    <property name="java.vm.specification.version" value="1.8"/>
    <property name="os.name" value="Linux"/>
    <property name="user.country" value="GB"/>
    <property name="sun.java.launcher" value="SUN_STANDARD"/>
    <property name="sun.boot.library.path" value="/usr/lib/jvm/java-8-oracle/jre/lib/amd64"/>
    <property name="sun.java.command" value="org.apache.maven.surefire.booter.ForkedBooter /home/apg/git/Hansen/target/surefire 2019-09-09T20-03-26_953-jvmRun1 surefire7051766056202771486tmp surefire_03536499433829691096tmp"/>
    <property name="surefire.test.class.path" value="/home/apg/git/Hansen/target/test-classes:/home/apg/git/Hansen/target/classes:/home/apg/.m2/repository/org/powermock/powermock-module-junit4/2.0.2/powermock-module-junit4-2.0.2.jar:/home/apg/.m2/repository/org/powermock/powermock-module-junit4-common/2.0.2/powermock-module-junit4-common-2.0.2.jar:/home/apg/.m2/repository/org/powermock/powermock-reflect/2.0.2/powermock-reflect-2.0.2.jar:/home/apg/.m2/repository/org/powermock/powermock-core/2.0.2/powermock-core-2.0.2.jar:/home/apg/.m2/repository/org/javassist/javassist/3.24.0-GA/javassist-3.24.0-GA.jar:/home/apg/.m2/repository/junit/junit/4.12/junit-4.12.jar:/home/apg/.m2/repository/org/hamcrest/hamcrest-core/1.3/hamcrest-core-1.3.jar:/home/apg/.m2/repository/org/apache/maven/plugin-tools/maven-plugin-annotations/3.6.0/maven-plugin-annotations-3.6.0.jar:/home/apg/.m2/repository/org/apache/maven/maven-artifact/3.0/maven-artifact-3.0.jar:/home/apg/.m2/repository/org/springframework/boot/spring-boot-starter/2.1.6.RELEASE/spring-boot-starter-2.1.6.RELEASE.jar:/home/apg/.m2/repository/org/springframework/boot/spring-boot/2.1.6.RELEASE/spring-boot-2.1.6.RELEASE.jar:/home/apg/.m2/repository/org/springframework/spring-context/5.1.8.RELEASE/spring-context-5.1.8.RELEASE.jar:/home/apg/.m2/repository/org/springframework/spring-aop/5.1.8.RELEASE/spring-aop-5.1.8.RELEASE.jar:/home/apg/.m2/repository/org/springframework/spring-beans/5.1.8.RELEASE/spring-beans-5.1.8.RELEASE.jar:/home/apg/.m2/repository/org/springframework/spring-expression/5.1.8.RELEASE/spring-expression-5.1.8.RELEASE.jar:/home/apg/.m2/repository/org/springframework/boot/spring-boot-starter-logging/2.1.6.RELEASE/spring-boot-starter-logging-2.1.6.RELEASE.jar:/home/apg/.m2/repository/ch/qos/logback/logback-classic/1.2.3/logback-classic-1.2.3.jar:/home/apg/.m2/repository/ch/qos/logback/logback-core/1.2.3/logback-core-1.2.3.jar:/home/apg/.m2/repository/org/apache/logging/log4j/log4j-to-slf4j/2.11.2/log4j-to-slf4j-2.11.2.jar:/home/apg/.m2/repository/org/apache/logging/log4j/log4j-api/2.11.2/log4j-api-2.11.2.jar:/home/apg/.m2/repository/org/slf4j/jul-to-slf4j/1.7.26/jul-to-slf4j-1.7.26.jar:/home/apg/.m2/repository/javax/annotation/javax.annotation-api/1.3.2/javax.annotation-api-1.3.2.jar:/home/apg/.m2/repository/org/springframework/spring-core/5.1.8.RELEASE/spring-core-5.1.8.RELEASE.jar:/home/apg/.m2/repository/org/springframework/spring-jcl/5.1.8.RELEASE/spring-jcl-5.1.8.RELEASE.jar:/home/apg/.m2/repository/org/yaml/snakeyaml/1.23/snakeyaml-1.23.jar:/home/apg/.m2/repository/org/springframework/boot/spring-boot-devtools/2.1.6.RELEASE/spring-boot-devtools-2.1.6.RELEASE.jar:/home/apg/.m2/repository/org/springframework/boot/spring-boot-starter-test/2.1.6.RELEASE/spring-boot-starter-test-2.1.6.RELEASE.jar:/home/apg/.m2/repository/org/springframework/boot/spring-boot-test/2.1.6.RELEASE/spring-boot-test-2.1.6.RELEASE.jar:/home/apg/.m2/repository/org/springframework/boot/spring-boot-test-autoconfigure/2.1.6.RELEASE/spring-boot-test-autoconfigure-2.1.6.RELEASE.jar:/home/apg/.m2/repository/com/jayway/jsonpath/json-path/2.4.0/json-path-2.4.0.jar:/home/apg/.m2/repository/net/minidev/json-smart/2.3/json-smart-2.3.jar:/home/apg/.m2/repository/net/minidev/accessors-smart/1.2/accessors-smart-1.2.jar:/home/apg/.m2/repository/org/slf4j/slf4j-api/1.7.26/slf4j-api-1.7.26.jar:/home/apg/.m2/repository/org/assertj/assertj-core/3.11.1/assertj-core-3.11.1.jar:/home/apg/.m2/repository/org/mockito/mockito-core/2.23.4/mockito-core-2.23.4.jar:/home/apg/.m2/repository/net/bytebuddy/byte-buddy/1.9.13/byte-buddy-1.9.13.jar:/home/apg/.m2/repository/net/bytebuddy/byte-buddy-agent/1.9.13/byte-buddy-agent-1.9.13.jar:/home/apg/.m2/repository/org/objenesis/objenesis/2.6/objenesis-2.6.jar:/home/apg/.m2/repository/org/hamcrest/hamcrest-library/1.3/hamcrest-library-1.3.jar:/home/apg/.m2/repository/org/skyscreamer/jsonassert/1.5.0/jsonassert-1.5.0.jar:/home/apg/.m2/repository/com/vaadin/external/google/android-json/0.0.20131108.vaadin1/android-json-0.0.20131108.vaadin1.jar:/home/apg/.m2/repository/org/springframework/spring-test/5.1.8.RELEASE/spring-test-5.1.8.RELEASE.jar:/home/apg/.m2/repository/org/xmlunit/xmlunit-core/2.6.2/xmlunit-core-2.6.2.jar:/home/apg/.m2/repository/org/springframework/boot/spring-boot-autoconfigure/2.1.6.RELEASE/spring-boot-autoconfigure-2.1.6.RELEASE.jar:/home/apg/.m2/repository/org/apache/maven/maven-plugin-api/3.5.2/maven-plugin-api-3.5.2.jar:/home/apg/.m2/repository/org/apache/maven/maven-model/3.5.2/maven-model-3.5.2.jar:/home/apg/.m2/repository/org/apache/commons/commons-lang3/3.8.1/commons-lang3-3.8.1.jar:/home/apg/.m2/repository/org/eclipse/sisu/org.eclipse.sisu.plexus/0.3.3/org.eclipse.sisu.plexus-0.3.3.jar:/home/apg/.m2/repository/javax/enterprise/cdi-api/1.0/cdi-api-1.0.jar:/home/apg/.m2/repository/javax/annotation/jsr250-api/1.0/jsr250-api-1.0.jar:/home/apg/.m2/repository/javax/inject/javax.inject/1/javax.inject-1.jar:/home/apg/.m2/repository/org/eclipse/sisu/org.eclipse.sisu.inject/0.3.3/org.eclipse.sisu.inject-0.3.3.jar:/home/apg/.m2/repository/org/codehaus/plexus/plexus-component-annotations/1.5.5/plexus-component-annotations-1.5.5.jar:/home/apg/.m2/repository/org/codehaus/plexus/plexus-utils/3.1.0/plexus-utils-3.1.0.jar:/home/apg/.m2/repository/org/codehaus/plexus/plexus-classworlds/2.5.2/plexus-classworlds-2.5.2.jar:/home/apg/.m2/repository/org/jacoco/org.jacoco.agent/0.8.4/org.jacoco.agent-0.8.4-runtime.jar:/home/apg/.m2/repository/org/jacoco/org.jacoco.core/0.8.4/org.jacoco.core-0.8.4.jar:/home/apg/.m2/repository/org/ow2/asm/asm/7.1/asm-7.1.jar:/home/apg/.m2/repository/org/ow2/asm/asm-commons/7.1/asm-commons-7.1.jar:/home/apg/.m2/repository/org/ow2/asm/asm-analysis/7.1/asm-analysis-7.1.jar:/home/apg/.m2/repository/org/ow2/asm/asm-tree/7.1/asm-tree-7.1.jar:/home/apg/.m2/repository/org/junit/jupiter/junit-jupiter-api/5.3.2/junit-jupiter-api-5.3.2.jar:/home/apg/.m2/repository/org/apiguardian/apiguardian-api/1.0.0/apiguardian-api-1.0.0.jar:/home/apg/.m2/repository/org/opentest4j/opentest4j/1.1.1/opentest4j-1.1.1.jar:/home/apg/.m2/repository/org/junit/platform/junit-platform-commons/1.3.2/junit-platform-commons-1.3.2.jar:/home/apg/.m2/repository/org/codehaus/mojo/findbugs-maven-plugin/3.0.5/findbugs-maven-plugin-3.0.5.jar:/home/apg/.m2/repository/com/google/code/findbugs/findbugs/3.0.1/findbugs-3.0.1.jar:/home/apg/.m2/repository/net/jcip/jcip-annotations/1.0/jcip-annotations-1.0.jar:/home/apg/.m2/repository/com/google/code/findbugs/jsr305/2.0.1/jsr305-2.0.1.jar:/home/apg/.m2/repository/com/google/code/findbugs/bcel-findbugs/6.0/bcel-findbugs-6.0.jar:/home/apg/.m2/repository/com/google/code/findbugs/jFormatString/2.0.1/jFormatString-2.0.1.jar:/home/apg/.m2/repository/dom4j/dom4j/1.6.1/dom4j-1.6.1.jar:/home/apg/.m2/repository/xml-apis/xml-apis/1.4.01/xml-apis-1.4.01.jar:/home/apg/.m2/repository/org/ow2/asm/asm-debug-all/5.0.2/asm-debug-all-5.0.2.jar:/home/apg/.m2/repository/commons-lang/commons-lang/2.6/commons-lang-2.6.jar:/home/apg/.m2/repository/com/apple/AppleJavaExtensions/1.4/AppleJavaExtensions-1.4.jar:/home/apg/.m2/repository/jaxen/jaxen/1.1.6/jaxen-1.1.6.jar:/home/apg/.m2/repository/org/apache/ant/ant/1.9.9/ant-1.9.9.jar:/home/apg/.m2/repository/org/apache/ant/ant-launcher/1.9.9/ant-launcher-1.9.9.jar:/home/apg/.m2/repository/org/codehaus/groovy/groovy/2.5.7/groovy-2.5.7.jar:/home/apg/.m2/repository/org/codehaus/groovy/groovy-ant/2.5.7/groovy-ant-2.5.7.jar:/home/apg/.m2/repository/org/codehaus/groovy/groovy-groovydoc/2.5.7/groovy-groovydoc-2.5.7.jar:/home/apg/.m2/repository/org/apache/ant/ant-junit/1.9.13/ant-junit-1.9.13.jar:/home/apg/.m2/repository/org/apache/ant/ant-antlr/1.9.13/ant-antlr-1.9.13.jar:/home/apg/.m2/repository/org/codehaus/groovy/groovy-xml/2.5.7/groovy-xml-2.5.7.jar:/home/apg/.m2/repository/org/apache/maven/reporting/maven-reporting-impl/3.0.0/maven-reporting-impl-3.0.0.jar:/home/apg/.m2/repository/org/apache/maven/shared/maven-shared-utils/3.2.0/maven-shared-utils-3.2.0.jar:/home/apg/.m2/repository/org/apache/maven/reporting/maven-reporting-api/3.0/maven-reporting-api-3.0.jar:/home/apg/.m2/repository/org/apache/maven/maven-compat/3.5.0/maven-compat-3.5.0.jar:/home/apg/.m2/repository/org/apache/maven/maven-model-builder/3.5.0/maven-model-builder-3.5.0.jar:/home/apg/.m2/repository/org/apache/maven/maven-builder-support/3.5.0/maven-builder-support-3.5.0.jar:/home/apg/.m2/repository/com/google/guava/guava/20.0/guava-20.0.jar:/home/apg/.m2/repository/org/apache/maven/maven-settings/3.5.0/maven-settings-3.5.0.jar:/home/apg/.m2/repository/org/apache/maven/maven-resolver-provider/3.5.0/maven-resolver-provider-3.5.0.jar:/home/apg/.m2/repository/org/apache/maven/resolver/maven-resolver-spi/1.0.3/maven-resolver-spi-1.0.3.jar:/home/apg/.m2/repository/org/apache/maven/resolver/maven-resolver-api/1.0.3/maven-resolver-api-1.0.3.jar:/home/apg/.m2/repository/org/apache/maven/resolver/maven-resolver-util/1.0.3/maven-resolver-util-1.0.3.jar:/home/apg/.m2/repository/org/apache/maven/resolver/maven-resolver-impl/1.0.3/maven-resolver-impl-1.0.3.jar:/home/apg/.m2/repository/org/codehaus/plexus/plexus-interpolation/1.24/plexus-interpolation-1.24.jar:/home/apg/.m2/repository/org/apache/maven/wagon/wagon-provider-api/2.12/wagon-provider-api-2.12.jar:/home/apg/.m2/repository/org/apache/maven/doxia/doxia-core/1.7/doxia-core-1.7.jar:/home/apg/.m2/repository/org/apache/maven/doxia/doxia-logging-api/1.7/doxia-logging-api-1.7.jar:/home/apg/.m2/repository/org/apache/httpcomponents/httpclient/4.5.9/httpclient-4.5.9.jar:/home/apg/.m2/repository/commons-codec/commons-codec/1.11/commons-codec-1.11.jar:/home/apg/.m2/repository/org/apache/httpcomponents/httpcore/4.4.11/httpcore-4.4.11.jar:/home/apg/.m2/repository/xmlunit/xmlunit/1.5/xmlunit-1.5.jar:/home/apg/.m2/repository/org/apache/maven/doxia/doxia-sink-api/1.7/doxia-sink-api-1.7.jar:/home/apg/.m2/repository/org/apache/maven/doxia/doxia-decoration-model/1.7/doxia-decoration-model-1.7.jar:/home/apg/.m2/repository/org/apache/maven/doxia/doxia-site-renderer/1.7/doxia-site-renderer-1.7.jar:/home/apg/.m2/repository/org/apache/maven/doxia/doxia-skin-model/1.7/doxia-skin-model-1.7.jar:/home/apg/.m2/repository/org/apache/maven/doxia/doxia-module-xhtml/1.7/doxia-module-xhtml-1.7.jar:/home/apg/.m2/repository/org/apache/maven/doxia/doxia-module-fml/1.7/doxia-module-fml-1.7.jar:/home/apg/.m2/repository/org/codehaus/plexus/plexus-i18n/1.0-beta-7/plexus-i18n-1.0-beta-7.jar:/home/apg/.m2/repository/org/codehaus/plexus/plexus-velocity/1.1.7/plexus-velocity-1.1.7.jar:/home/apg/.m2/repository/org/apache/velocity/velocity/1.7/velocity-1.7.jar:/home/apg/.m2/repository/org/apache/velocity/velocity-tools/2.0/velocity-tools-2.0.jar:/home/apg/.m2/repository/commons-beanutils/commons-beanutils/1.7.0/commons-beanutils-1.7.0.jar:/home/apg/.m2/repository/commons-digester/commons-digester/1.8/commons-digester-1.8.jar:/home/apg/.m2/repository/commons-chain/commons-chain/1.1/commons-chain-1.1.jar:/home/apg/.m2/repository/commons-logging/commons-logging/1.1/commons-logging-1.1.jar:/home/apg/.m2/repository/javax/servlet/servlet-api/2.3/servlet-api-2.3.jar:/home/apg/.m2/repository/commons-validator/commons-validator/1.3.1/commons-validator-1.3.1.jar:/home/apg/.m2/repository/oro/oro/2.0.8/oro-2.0.8.jar:/home/apg/.m2/repository/sslext/sslext/1.2-0/sslext-1.2-0.jar:/home/apg/.m2/repository/org/apache/struts/struts-core/1.3.8/struts-core-1.3.8.jar:/home/apg/.m2/repository/antlr/antlr/2.7.7/antlr-2.7.7.jar:/home/apg/.m2/repository/org/apache/struts/struts-taglib/1.3.8/struts-taglib-1.3.8.jar:/home/apg/.m2/repository/org/apache/struts/struts-tiles/1.3.8/struts-tiles-1.3.8.jar:/home/apg/.m2/repository/commons-collections/commons-collections/3.2.1/commons-collections-3.2.1.jar:/home/apg/.m2/repository/org/apache/maven/shared/maven-doxia-tools/1.4/maven-doxia-tools-1.4.jar:/home/apg/.m2/repository/commons-io/commons-io/1.4/commons-io-1.4.jar:/home/apg/.m2/repository/org/apache/maven/maven-artifact-manager/2.2.1/maven-artifact-manager-2.2.1.jar:/home/apg/.m2/repository/backport-util-concurrent/backport-util-concurrent/3.1/backport-util-concurrent-3.1.jar:/home/apg/.m2/repository/org/apache/maven/maven-project/2.2.1/maven-project-2.2.1.jar:/home/apg/.m2/repository/org/apache/maven/maven-profile/2.2.1/maven-profile-2.2.1.jar:/home/apg/.m2/repository/org/apache/maven/maven-plugin-registry/2.2.1/maven-plugin-registry-2.2.1.jar:/home/apg/.m2/repository/org/codehaus/plexus/plexus-container-default/1.7.1/plexus-container-default-1.7.1.jar:/home/apg/.m2/repository/org/apache/xbean/xbean-reflect/3.7/xbean-reflect-3.7.jar:/home/apg/.m2/repository/com/google/collections/google-collections/1.0/google-collections-1.0.jar:/home/apg/.m2/repository/org/codehaus/plexus/plexus-resources/1.1.0/plexus-resources-1.1.0.jar:/home/apg/.m2/repository/org/sonatype/plexus/plexus-build-api/0.0.7/plexus-build-api-0.0.7.jar:/home/apg/.m2/repository/org/codehaus/mojo/build-helper-maven-plugin/3.0.0/build-helper-maven-plugin-3.0.0.jar:/home/apg/.m2/repository/org/apache/maven/maven-core/3.0/maven-core-3.0.jar:/home/apg/.m2/repository/org/apache/maven/maven-settings-builder/3.0/maven-settings-builder-3.0.jar:/home/apg/.m2/repository/org/apache/maven/maven-repository-metadata/3.0/maven-repository-metadata-3.0.jar:/home/apg/.m2/repository/org/apache/maven/maven-aether-provider/3.0/maven-aether-provider-3.0.jar:/home/apg/.m2/repository/org/sonatype/aether/aether-impl/1.7/aether-impl-1.7.jar:/home/apg/.m2/repository/org/sonatype/aether/aether-spi/1.7/aether-spi-1.7.jar:/home/apg/.m2/repository/org/sonatype/aether/aether-api/1.7/aether-api-1.7.jar:/home/apg/.m2/repository/org/sonatype/aether/aether-util/1.7/aether-util-1.7.jar:/home/apg/.m2/repository/org/sonatype/sisu/sisu-inject-plexus/1.4.2/sisu-inject-plexus-1.4.2.jar:/home/apg/.m2/repository/org/sonatype/sisu/sisu-inject-bean/1.4.2/sisu-inject-bean-1.4.2.jar:/home/apg/.m2/repository/org/sonatype/sisu/sisu-guice/2.1.7/sisu-guice-2.1.7-noaop.jar:/home/apg/.m2/repository/org/sonatype/plexus/plexus-sec-dispatcher/1.3/plexus-sec-dispatcher-1.3.jar:/home/apg/.m2/repository/org/sonatype/plexus/plexus-cipher/1.4/plexus-cipher-1.4.jar:/home/apg/.m2/repository/org/beanshell/bsh/2.0b4/bsh-2.0b4.jar:/home/apg/.m2/repository/org/apache/maven/shared/file-management/3.0.0/file-management-3.0.0.jar:/home/apg/.m2/repository/org/apache/maven/shared/maven-shared-io/3.0.0/maven-shared-io-3.0.0.jar:"/>
    <property name="sun.cpu.endian" value="little"/>
    <property name="user.home" value="/home/apg"/>
    <property name="user.language" value="en"/>
    <property name="java.specification.vendor" value="Oracle Corporation"/>
    <property name="java.home" value="/usr/lib/jvm/java-8-oracle/jre"/>
    <property name="basedir" value="/home/apg/git/Hansen"/>
    <property name="file.separator" value="/"/>
    <property name="line.separator" value="&#10;"/>
    <property name="java.vm.specification.vendor" value="Oracle Corporation"/>
    <property name="java.specification.name" value="Java Platform API Specification"/>
    <property name="java.awt.graphicsenv" value="sun.awt.X11GraphicsEnvironment"/>
    <property name="sun.boot.class.path" value="/usr/lib/jvm/java-8-oracle/jre/lib/resources.jar:/usr/lib/jvm/java-8-oracle/jre/lib/rt.jar:/usr/lib/jvm/java-8-oracle/jre/lib/sunrsasign.jar:/usr/lib/jvm/java-8-oracle/jre/lib/jsse.jar:/usr/lib/jvm/java-8-oracle/jre/lib/jce.jar:/usr/lib/jvm/java-8-oracle/jre/lib/charsets.jar:/usr/lib/jvm/java-8-oracle/jre/lib/jfr.jar:/usr/lib/jvm/java-8-oracle/jre/classes"/>
    <property name="sun.management.compiler" value="HotSpot 64-Bit Tiered Compilers"/>
    <property name="java.runtime.version" value="1.8.0_181-b13"/>
    <property name="user.name" value="apg"/>
    <property name="path.separator" value=":"/>
    <property name="os.version" value="4.15.0-58-generic"/>
    <property name="java.endorsed.dirs" value="/usr/lib/jvm/java-8-oracle/jre/lib/endorsed"/>
    <property name="java.runtime.name" value="Java(TM) SE Runtime Environment"/>
    <property name="file.encoding" value="UTF-8"/>
    <property name="java.vm.name" value="Java HotSpot(TM) 64-Bit Server VM"/>
    <property name="localRepository" value="/home/apg/.m2/repository"/>
    <property name="java.vendor.url.bug" value="http://bugreport.sun.com/bugreport/"/>
    <property name="java.io.tmpdir" value="/tmp"/>
    <property name="java.version" value="1.8.0_181"/>
    <property name="user.dir" value="/home/apg/git/Hansen"/>
    <property name="os.arch" value="amd64"/>
    <property name="java.vm.specification.name" value="Java Virtual Machine Specification"/>
    <property name="java.awt.printerjob" value="sun.print.PSPrinterJob"/>
    <property name="sun.os.patch.level" value="unknown"/>
    <property name="java.library.path" value="/usr/java/packages/lib/amd64:/usr/lib64:/lib64:/lib:/usr/lib"/>
    <property name="java.vm.info" value="mixed mode"/>
    <property name="java.vendor" value="Oracle Corporation"/>
    <property name="java.vm.version" value="25.181-b13"/>
    <property name="java.ext.dirs" value="/usr/lib/jvm/java-8-oracle/jre/lib/ext:/usr/java/packages/lib/ext"/>
    <property name="sun.io.unicode.encoding" value="UnicodeLittle"/>
    <property name="java.class.version" value="52.0"/>
    <property name="jacoco-agent.destfile" value="target/jacoco.exec"/>
  </properties>
  <testcase name="nothing" classname="scot.carricksoftware.hansen.factories.HansenFactoryImplTest" time="0.001"/>
  <testcase name="nothing" classname="scot.carricksoftware.hansen.logger.ApplicationLoggerImplTest" time="0"/>
  <testcase name="nothing" classname="scot.carricksoftware.hansen.logger.ApplicationLoggerFactoryImplTest" time="0"/>
  <testcase name="contextLoads" classname="scot.carricksoftware.hansen.HansenApplicationTest" time="0.058"/>
</testsuite>